<?xml version="1.0" encoding="UTF-8"?>
<!-- Generated by org.testng.reporters.JUnitReportReporter -->
<testsuite skipped="0" hostname="TVMATP312487M" name="BrowsweTest2" tests="1" failures="0" timestamp="14 Nov 2019 05:04:19 GMT" time="1.857" errors="0">
  <testcase name="googleSearch2" time="1.857" classname="BrowsweTest2"/>
</testsuite> <!-- BrowsweTest2 -->
