<?xml version="1.0" encoding="UTF-8"?>
<!-- Generated by org.testng.reporters.JUnitReportReporter -->
<testsuite skipped="0" hostname="TVMATP312487M" name="BrowsweTest" tests="1" failures="0" timestamp="14 Nov 2019 09:58:23 GMT" time="5.984" errors="0">
  <testcase name="googleSearch" time="5.984" classname="BrowsweTest"/>
</testsuite> <!-- BrowsweTest -->
